Content-Type: text/plain; charset="utf-8"
MIME-Version: 1.0
Content-Transfer-Encoding: 7bit
Subject: Welcome to Campus Skill-Swap!
From: Campus Skill-Swap <noreply@campusskillswap.com>
To: test3@gmail.com
Date: Fri, 08 Aug 2025 12:39:31 -0000
Message-ID: <175465677105.17372.12669905437846487466@YS-SPEEDY111.home.arpa>

Dear test3,

Welcome to Campus Skill-Swap! We're excited to have you join our community of learners and teachers.

Your account has been successfully created with username: test3

Campus Skill-Swap is a platform where students can share their skills and learn from each other. You can:
- Offer skills you're good at to help others
- Request to learn skills from other students
- Schedule and manage learning sessions
- Build a community of knowledge sharing

Get started by:
1. Logging in to your account
2. Adding skills you want to offer
3. Browsing skills you want to learn
4. Connecting with other students

Thank you for joining our platform. Happy learning!

Best regards,
The Campus Skill-Swap Team
-------------------------------------------------------------------------------
